<?xml version="1.0" encoding="UTF-8"?>
<testsuite xmlns:xsi="http://www.w3.org/2001/XMLSchema-instance" xsi:noNamespaceSchemaLocation="https://maven.apache.org/surefire/maven-surefire-plugin/xsd/surefire-test-report.xsd" name="sampleQueue.QueueTest" time="0.338" tests="9" errors="0" skipped="0" failures="2">
  <properties>
[...]
</properties>
  <testcase name="threeObjectOfQueueTest" classname="sampleQueue.QueueTest" time="0.233"/>
  <testcase name="removeAllMethodTest" classname="sampleQueue.QueueTest" time="0"/>
  <testcase name="toStringMethodTest" classname="sampleQueue.QueueTest" time="0.001"/>
  <testcase name="singleObjectOfEnqueueTest" classname="sampleQueue.QueueTest" time="0.057">
    <failure message="Unexpected exception type thrown ==&gt; expected: &lt;java.util.NoSuchElementException&gt; but was: &lt;java.lang.NullPointerException&gt;" type="org.opentest4j.AssertionFailedError"><![CDATA[org.opentest4j.AssertionFailedError: Unexpected exception type thrown ==> expected: <java.util.NoSuchElementException> but was: <java.lang.NullPointerException>
	at sampleQueue.QueueTest.singleObjectOfEnqueueTest(QueueTest.java:57)
Caused by: java.lang.NullPointerException: Cannot read field "item" because "<parameter1>" is null
	at sampleQueue.QueueTest.lambda$1(QueueTest.java:57)
	at sampleQueue.QueueTest.singleObjectOfEnqueueTest(QueueTest.java:57)
]]></failure>
  </testcase>
  <testcase name="isEmptyMethodShouldGiveTrueOnQueueInit2" classname="sampleQueue.QueueTest" time="0.006"/>
  <testcase name="isEmptyMethodShouldGiveTrueOnQueueInit" classname="sampleQueue.QueueTest" time="0"/>
  <testcase name="maximumTest" classname="sampleQueue.QueueTest" time="0.002"/>
  <testcase name="printTheSizeOfQueue" classname="sampleQueue.QueueTest" time="0.013"/>
  <testcase name="twoObjectOfQueueTest" classname="sampleQueue.QueueTest" time="0">
    <failure message="Unexpected exception type thrown ==&gt; expected: &lt;java.util.NoSuchElementException&gt; but was: &lt;java.lang.NullPointerException&gt;" type="org.opentest4j.AssertionFailedError"><![CDATA[org.opentest4j.AssertionFailedError: Unexpected exception type thrown ==> expected: <java.util.NoSuchElementException> but was: <java.lang.NullPointerException>
	at sampleQueue.QueueTest.twoObjectOfQueueTest(QueueTest.java:71)
Caused by: java.lang.NullPointerException: Cannot read field "item" because "<parameter1>" is null
	at sampleQueue.QueueTest.lambda$2(QueueTest.java:71)
	at sampleQueue.QueueTest.twoObjectOfQueueTest(QueueTest.java:71)
]]></failure>
  </testcase>
</testsuite>